running egg_info
creating ../../build/sensor_hub/sensor_hub.egg-info
writing ../../build/sensor_hub/sensor_hub.egg-info/PKG-INFO
writing dependency_links to ../../build/sensor_hub/sensor_hub.egg-info/dependency_links.txt
writing entry points to ../../build/sensor_hub/sensor_hub.egg-info/entry_points.txt
writing requirements to ../../build/sensor_hub/sensor_hub.egg-info/requires.txt
writing top-level names to ../../build/sensor_hub/sensor_hub.egg-info/top_level.txt
writing manifest file '../../build/sensor_hub/sensor_hub.egg-info/SOURCES.txt'
reading manifest file '../../build/sensor_hub/sensor_hub.egg-info/SOURCES.txt'
adding license file 'LICENSE'
writing manifest file '../../build/sensor_hub/sensor_hub.egg-info/SOURCES.txt'
running build
running build_py
creating /home/agata/Desktop/Things/GIT/BlueSpark/BlueSpark/PrototypeOne/ROS2/ros2_ws/build/sensor_hub/build
creating /home/agata/Desktop/Things/GIT/BlueSpark/BlueSpark/PrototypeOne/ROS2/ros2_ws/build/sensor_hub/build/lib
creating /home/agata/Desktop/Things/GIT/BlueSpark/BlueSpark/PrototypeOne/ROS2/ros2_ws/build/sensor_hub/build/lib/sensor_hub
copying sensor_hub/__init__.py -> /home/agata/Desktop/Things/GIT/BlueSpark/BlueSpark/PrototypeOne/ROS2/ros2_ws/build/sensor_hub/build/lib/sensor_hub
copying sensor_hub/sensor_hub.py -> /home/agata/Desktop/Things/GIT/BlueSpark/BlueSpark/PrototypeOne/ROS2/ros2_ws/build/sensor_hub/build/lib/sensor_hub
running install
running install_lib
creating /home/agata/Desktop/Things/GIT/BlueSpark/BlueSpark/PrototypeOne/ROS2/ros2_ws/install/sensor_hub/lib/python3.12/site-packages/sensor_hub
copying /home/agata/Desktop/Things/GIT/BlueSpark/BlueSpark/PrototypeOne/ROS2/ros2_ws/build/sensor_hub/build/lib/sensor_hub/__init__.py -> /home/agata/Desktop/Things/GIT/BlueSpark/BlueSpark/PrototypeOne/ROS2/ros2_ws/install/sensor_hub/lib/python3.12/site-packages/sensor_hub
copying /home/agata/Desktop/Things/GIT/BlueSpark/BlueSpark/PrototypeOne/ROS2/ros2_ws/build/sensor_hub/build/lib/sensor_hub/sensor_hub.py -> /home/agata/Desktop/Things/GIT/BlueSpark/BlueSpark/PrototypeOne/ROS2/ros2_ws/install/sensor_hub/lib/python3.12/site-packages/sensor_hub
byte-compiling /home/agata/Desktop/Things/GIT/BlueSpark/BlueSpark/PrototypeOne/ROS2/ros2_ws/install/sensor_hub/lib/python3.12/site-packages/sensor_hub/__init__.py to __init__.cpython-312.pyc
byte-compiling /home/agata/Desktop/Things/GIT/BlueSpark/BlueSpark/PrototypeOne/ROS2/ros2_ws/install/sensor_hub/lib/python3.12/site-packages/sensor_hub/sensor_hub.py to sensor_hub.cpython-312.pyc
running install_data
creating /home/agata/Desktop/Things/GIT/BlueSpark/BlueSpark/PrototypeOne/ROS2/ros2_ws/install/sensor_hub/share/ament_index
creating /home/agata/Desktop/Things/GIT/BlueSpark/BlueSpark/PrototypeOne/ROS2/ros2_ws/install/sensor_hub/share/ament_index/resource_index
creating /home/agata/Desktop/Things/GIT/BlueSpark/BlueSpark/PrototypeOne/ROS2/ros2_ws/install/sensor_hub/share/ament_index/resource_index/packages
copying resource/sensor_hub -> /home/agata/Desktop/Things/GIT/BlueSpark/BlueSpark/PrototypeOne/ROS2/ros2_ws/install/sensor_hub/share/ament_index/resource_index/packages
copying package.xml -> /home/agata/Desktop/Things/GIT/BlueSpark/BlueSpark/PrototypeOne/ROS2/ros2_ws/install/sensor_hub/share/sensor_hub
running install_egg_info
Copying ../../build/sensor_hub/sensor_hub.egg-info to /home/agata/Desktop/Things/GIT/BlueSpark/BlueSpark/PrototypeOne/ROS2/ros2_ws/install/sensor_hub/lib/python3.12/site-packages/sensor_hub-0.0.0-py3.12.egg-info
running install_scripts
Installing sensor_hub script to /home/agata/Desktop/Things/GIT/BlueSpark/BlueSpark/PrototypeOne/ROS2/ros2_ws/install/sensor_hub/lib/sensor_hub
writing list of installed files to '/home/agata/Desktop/Things/GIT/BlueSpark/BlueSpark/PrototypeOne/ROS2/ros2_ws/build/sensor_hub/install.log'
