[2.116s] Invoking command in '/home/agata/Desktop/Things/GIT/BlueSpark/BlueSpark/PrototypeOne/ROS2/ros2_ws/src/sensor_hub': DEBUGINFOD_URLS=https://debuginfod.ubuntu.com PYTHONPATH=/home/agata/Desktop/Things/GIT/BlueSpark/BlueSpark/PrototypeOne/ROS2/ros2_ws/build/sensor_hub/prefix_override:/usr/lib/python3/dist-packages/colcon_core/task/python/colcon_distutils_commands:/home/agata/Desktop/Things/GIT/BlueSpark/BlueSpark/PrototypeOne/ROS2/ros2_ws/install/sensor_hub/lib/python3.12/site-packages:${PYTHONPATH} /usr/bin/python3 -W ignore:setup.py install is deprecated -W ignore:easy_install command is deprecated setup.py egg_info --egg-base ../../build/sensor_hub build --build-base /home/agata/Desktop/Things/GIT/BlueSpark/BlueSpark/PrototypeOne/ROS2/ros2_ws/build/sensor_hub/build install --record /home/agata/Desktop/Things/GIT/BlueSpark/BlueSpark/PrototypeOne/ROS2/ros2_ws/build/sensor_hub/install.log --single-version-externally-managed install_data
[2.632s] running egg_info
[2.633s] creating ../../build/sensor_hub/sensor_hub.egg-info
[2.668s] writing ../../build/sensor_hub/sensor_hub.egg-info/PKG-INFO
[2.668s] writing dependency_links to ../../build/sensor_hub/sensor_hub.egg-info/dependency_links.txt
[2.669s] writing entry points to ../../build/sensor_hub/sensor_hub.egg-info/entry_points.txt
[2.669s] writing requirements to ../../build/sensor_hub/sensor_hub.egg-info/requires.txt
[2.669s] writing top-level names to ../../build/sensor_hub/sensor_hub.egg-info/top_level.txt
[2.670s] writing manifest file '../../build/sensor_hub/sensor_hub.egg-info/SOURCES.txt'
[2.744s] reading manifest file '../../build/sensor_hub/sensor_hub.egg-info/SOURCES.txt'
[2.744s] adding license file 'LICENSE'
[2.745s] writing manifest file '../../build/sensor_hub/sensor_hub.egg-info/SOURCES.txt'
[2.745s] running build
[2.746s] running build_py
[2.746s] creating /home/agata/Desktop/Things/GIT/BlueSpark/BlueSpark/PrototypeOne/ROS2/ros2_ws/build/sensor_hub/build
[2.746s] creating /home/agata/Desktop/Things/GIT/BlueSpark/BlueSpark/PrototypeOne/ROS2/ros2_ws/build/sensor_hub/build/lib
[2.746s] creating /home/agata/Desktop/Things/GIT/BlueSpark/BlueSpark/PrototypeOne/ROS2/ros2_ws/build/sensor_hub/build/lib/sensor_hub
[2.747s] copying sensor_hub/__init__.py -> /home/agata/Desktop/Things/GIT/BlueSpark/BlueSpark/PrototypeOne/ROS2/ros2_ws/build/sensor_hub/build/lib/sensor_hub
[2.747s] copying sensor_hub/sensor_hub.py -> /home/agata/Desktop/Things/GIT/BlueSpark/BlueSpark/PrototypeOne/ROS2/ros2_ws/build/sensor_hub/build/lib/sensor_hub
[2.747s] running install
[2.759s] running install_lib
[2.797s] creating /home/agata/Desktop/Things/GIT/BlueSpark/BlueSpark/PrototypeOne/ROS2/ros2_ws/install/sensor_hub/lib/python3.12/site-packages/sensor_hub
[2.797s] copying /home/agata/Desktop/Things/GIT/BlueSpark/BlueSpark/PrototypeOne/ROS2/ros2_ws/build/sensor_hub/build/lib/sensor_hub/__init__.py -> /home/agata/Desktop/Things/GIT/BlueSpark/BlueSpark/PrototypeOne/ROS2/ros2_ws/install/sensor_hub/lib/python3.12/site-packages/sensor_hub
[2.797s] copying /home/agata/Desktop/Things/GIT/BlueSpark/BlueSpark/PrototypeOne/ROS2/ros2_ws/build/sensor_hub/build/lib/sensor_hub/sensor_hub.py -> /home/agata/Desktop/Things/GIT/BlueSpark/BlueSpark/PrototypeOne/ROS2/ros2_ws/install/sensor_hub/lib/python3.12/site-packages/sensor_hub
[2.798s] byte-compiling /home/agata/Desktop/Things/GIT/BlueSpark/BlueSpark/PrototypeOne/ROS2/ros2_ws/install/sensor_hub/lib/python3.12/site-packages/sensor_hub/__init__.py to __init__.cpython-312.pyc
[2.799s] byte-compiling /home/agata/Desktop/Things/GIT/BlueSpark/BlueSpark/PrototypeOne/ROS2/ros2_ws/install/sensor_hub/lib/python3.12/site-packages/sensor_hub/sensor_hub.py to sensor_hub.cpython-312.pyc
[2.800s] running install_data
[2.801s] creating /home/agata/Desktop/Things/GIT/BlueSpark/BlueSpark/PrototypeOne/ROS2/ros2_ws/install/sensor_hub/share/ament_index
[2.801s] creating /home/agata/Desktop/Things/GIT/BlueSpark/BlueSpark/PrototypeOne/ROS2/ros2_ws/install/sensor_hub/share/ament_index/resource_index
[2.801s] creating /home/agata/Desktop/Things/GIT/BlueSpark/BlueSpark/PrototypeOne/ROS2/ros2_ws/install/sensor_hub/share/ament_index/resource_index/packages
[2.801s] copying resource/sensor_hub -> /home/agata/Desktop/Things/GIT/BlueSpark/BlueSpark/PrototypeOne/ROS2/ros2_ws/install/sensor_hub/share/ament_index/resource_index/packages
[2.801s] copying package.xml -> /home/agata/Desktop/Things/GIT/BlueSpark/BlueSpark/PrototypeOne/ROS2/ros2_ws/install/sensor_hub/share/sensor_hub
[2.802s] running install_egg_info
[2.840s] Copying ../../build/sensor_hub/sensor_hub.egg-info to /home/agata/Desktop/Things/GIT/BlueSpark/BlueSpark/PrototypeOne/ROS2/ros2_ws/install/sensor_hub/lib/python3.12/site-packages/sensor_hub-0.0.0-py3.12.egg-info
[2.842s] running install_scripts
[3.103s] Installing sensor_hub script to /home/agata/Desktop/Things/GIT/BlueSpark/BlueSpark/PrototypeOne/ROS2/ros2_ws/install/sensor_hub/lib/sensor_hub
[3.104s] writing list of installed files to '/home/agata/Desktop/Things/GIT/BlueSpark/BlueSpark/PrototypeOne/ROS2/ros2_ws/build/sensor_hub/install.log'
[3.158s] Invoked command in '/home/agata/Desktop/Things/GIT/BlueSpark/BlueSpark/PrototypeOne/ROS2/ros2_ws/src/sensor_hub' returned '0': DEBUGINFOD_URLS=https://debuginfod.ubuntu.com PYTHONPATH=/home/agata/Desktop/Things/GIT/BlueSpark/BlueSpark/PrototypeOne/ROS2/ros2_ws/build/sensor_hub/prefix_override:/usr/lib/python3/dist-packages/colcon_core/task/python/colcon_distutils_commands:/home/agata/Desktop/Things/GIT/BlueSpark/BlueSpark/PrototypeOne/ROS2/ros2_ws/install/sensor_hub/lib/python3.12/site-packages:${PYTHONPATH} /usr/bin/python3 -W ignore:setup.py install is deprecated -W ignore:easy_install command is deprecated setup.py egg_info --egg-base ../../build/sensor_hub build --build-base /home/agata/Desktop/Things/GIT/BlueSpark/BlueSpark/PrototypeOne/ROS2/ros2_ws/build/sensor_hub/build install --record /home/agata/Desktop/Things/GIT/BlueSpark/BlueSpark/PrototypeOne/ROS2/ros2_ws/build/sensor_hub/install.log --single-version-externally-managed install_data
