-- The C compiler identification is GNU 13.3.0
-- The CXX compiler identification is GNU 13.3.0
-- Detecting C compiler ABI info
-- Detecting C compiler ABI info - done
-- Check for working C compiler: /usr/bin/cc - skipped
-- Detecting C compile features
-- Detecting C compile features - done
-- Detecting CXX compiler ABI info
-- Detecting CXX compiler ABI info - done
-- Check for working CXX compiler: /usr/bin/c++ - skipped
-- Detecting CXX compile features
-- Detecting CXX compile features - done
-- Found ament_cmake: 2.5.4 (/opt/ros/jazzy/share/ament_cmake/cmake)
-- Found Python3: /usr/bin/python3 (found version "3.12.3") found components: Interpreter 
-- Found rclpy: 7.1.4 (/opt/ros/jazzy/share/rclpy/cmake)
-- Configuring done (1.9s)
-- Generating done (0.0s)
[33mCMake Warning:
  Manually-specified variables were not used by the project:

    CATKIN_INSTALL_INTO_PREFIX_ROOT

[0m
-- Build files have been written to: /home/agata/Desktop/Things/GIT/BlueSpark/BlueSpark/PrototypeOne/ROS2/ros2_ws/build/onewiretemp
Built target ament_cmake_python_copy_nodes
running egg_info
creating nodes.egg-info
writing nodes.egg-info/PKG-INFO
writing dependency_links to nodes.egg-info/dependency_links.txt
writing top-level names to nodes.egg-info/top_level.txt
writing manifest file 'nodes.egg-info/SOURCES.txt'
reading manifest file 'nodes.egg-info/SOURCES.txt'
writing manifest file 'nodes.egg-info/SOURCES.txt'
Built target ament_cmake_python_build_nodes_egg
-- Install configuration: ""
-- Installing: /home/agata/Desktop/Things/GIT/BlueSpark/BlueSpark/PrototypeOne/ROS2/ros2_ws/install/onewiretemp/share/onewiretemp/environment/pythonpath.sh
-- Installing: /home/agata/Desktop/Things/GIT/BlueSpark/BlueSpark/PrototypeOne/ROS2/ros2_ws/install/onewiretemp/share/onewiretemp/environment/pythonpath.dsv
-- Installing: /home/agata/Desktop/Things/GIT/BlueSpark/BlueSpark/PrototypeOne/ROS2/ros2_ws/install/onewiretemp/lib/python3.12/site-packages/nodes-0.0.1-py3.12.egg-info
-- Installing: /home/agata/Desktop/Things/GIT/BlueSpark/BlueSpark/PrototypeOne/ROS2/ros2_ws/install/onewiretemp/lib/python3.12/site-packages/nodes-0.0.1-py3.12.egg-info/PKG-INFO
-- Installing: /home/agata/Desktop/Things/GIT/BlueSpark/BlueSpark/PrototypeOne/ROS2/ros2_ws/install/onewiretemp/lib/python3.12/site-packages/nodes-0.0.1-py3.12.egg-info/SOURCES.txt
-- Installing: /home/agata/Desktop/Things/GIT/BlueSpark/BlueSpark/PrototypeOne/ROS2/ros2_ws/install/onewiretemp/lib/python3.12/site-packages/nodes-0.0.1-py3.12.egg-info/top_level.txt
-- Installing: /home/agata/Desktop/Things/GIT/BlueSpark/BlueSpark/PrototypeOne/ROS2/ros2_ws/install/onewiretemp/lib/python3.12/site-packages/nodes-0.0.1-py3.12.egg-info/dependency_links.txt
-- Installing: /home/agata/Desktop/Things/GIT/BlueSpark/BlueSpark/PrototypeOne/ROS2/ros2_ws/install/onewiretemp/lib/python3.12/site-packages/nodes
-- Installing: /home/agata/Desktop/Things/GIT/BlueSpark/BlueSpark/PrototypeOne/ROS2/ros2_ws/install/onewiretemp/lib/python3.12/site-packages/nodes/__init__.py
-- Installing: /home/agata/Desktop/Things/GIT/BlueSpark/BlueSpark/PrototypeOne/ROS2/ros2_ws/install/onewiretemp/lib/python3.12/site-packages/nodes/temperature.py
Listing '/home/agata/Desktop/Things/GIT/BlueSpark/BlueSpark/PrototypeOne/ROS2/ros2_ws/install/onewiretemp/lib/python3.12/site-packages/nodes'...
Compiling '/home/agata/Desktop/Things/GIT/BlueSpark/BlueSpark/PrototypeOne/ROS2/ros2_ws/install/onewiretemp/lib/python3.12/site-packages/nodes/__init__.py'...
Compiling '/home/agata/Desktop/Things/GIT/BlueSpark/BlueSpark/PrototypeOne/ROS2/ros2_ws/install/onewiretemp/lib/python3.12/site-packages/nodes/temperature.py'...
-- Installing: /home/agata/Desktop/Things/GIT/BlueSpark/BlueSpark/PrototypeOne/ROS2/ros2_ws/install/onewiretemp/temperature.py
-- Installing: /home/agata/Desktop/Things/GIT/BlueSpark/BlueSpark/PrototypeOne/ROS2/ros2_ws/install/onewiretemp/share/ament_index/resource_index/package_run_dependencies/onewiretemp
-- Installing: /home/agata/Desktop/Things/GIT/BlueSpark/BlueSpark/PrototypeOne/ROS2/ros2_ws/install/onewiretemp/share/ament_index/resource_index/parent_prefix_path/onewiretemp
-- Installing: /home/agata/Desktop/Things/GIT/BlueSpark/BlueSpark/PrototypeOne/ROS2/ros2_ws/install/onewiretemp/share/onewiretemp/environment/ament_prefix_path.sh
-- Installing: /home/agata/Desktop/Things/GIT/BlueSpark/BlueSpark/PrototypeOne/ROS2/ros2_ws/install/onewiretemp/share/onewiretemp/environment/ament_prefix_path.dsv
-- Installing: /home/agata/Desktop/Things/GIT/BlueSpark/BlueSpark/PrototypeOne/ROS2/ros2_ws/install/onewiretemp/share/onewiretemp/environment/path.sh
-- Installing: /home/agata/Desktop/Things/GIT/BlueSpark/BlueSpark/PrototypeOne/ROS2/ros2_ws/install/onewiretemp/share/onewiretemp/environment/path.dsv
-- Installing: /home/agata/Desktop/Things/GIT/BlueSpark/BlueSpark/PrototypeOne/ROS2/ros2_ws/install/onewiretemp/share/onewiretemp/local_setup.bash
-- Installing: /home/agata/Desktop/Things/GIT/BlueSpark/BlueSpark/PrototypeOne/ROS2/ros2_ws/install/onewiretemp/share/onewiretemp/local_setup.sh
-- Installing: /home/agata/Desktop/Things/GIT/BlueSpark/BlueSpark/PrototypeOne/ROS2/ros2_ws/install/onewiretemp/share/onewiretemp/local_setup.zsh
-- Installing: /home/agata/Desktop/Things/GIT/BlueSpark/BlueSpark/PrototypeOne/ROS2/ros2_ws/install/onewiretemp/share/onewiretemp/local_setup.dsv
-- Installing: /home/agata/Desktop/Things/GIT/BlueSpark/BlueSpark/PrototypeOne/ROS2/ros2_ws/install/onewiretemp/share/onewiretemp/package.dsv
-- Installing: /home/agata/Desktop/Things/GIT/BlueSpark/BlueSpark/PrototypeOne/ROS2/ros2_ws/install/onewiretemp/share/ament_index/resource_index/packages/onewiretemp
-- Installing: /home/agata/Desktop/Things/GIT/BlueSpark/BlueSpark/PrototypeOne/ROS2/ros2_ws/install/onewiretemp/share/onewiretemp/cmake/onewiretempConfig.cmake
-- Installing: /home/agata/Desktop/Things/GIT/BlueSpark/BlueSpark/PrototypeOne/ROS2/ros2_ws/install/onewiretemp/share/onewiretemp/cmake/onewiretempConfig-version.cmake
-- Installing: /home/agata/Desktop/Things/GIT/BlueSpark/BlueSpark/PrototypeOne/ROS2/ros2_ws/install/onewiretemp/share/onewiretemp/package.xml
