[0.300s] Invoking command in '/home/agata/Desktop/Things/GIT/BlueSpark/BlueSpark/PrototypeOne/ROS2/ros2_ws/build/onewiretemp': DEBUGINFOD_URLS=https://debuginfod.ubuntu.com /usr/bin/cmake /home/agata/Desktop/Things/GIT/BlueSpark/BlueSpark/PrototypeOne/ROS2/ros2_ws/src/onewire_temp_publisher -DCATKIN_INSTALL_INTO_PREFIX_ROOT=0 -DCMAKE_INSTALL_PREFIX=/home/agata/Desktop/Things/GIT/BlueSpark/BlueSpark/PrototypeOne/ROS2/ros2_ws/install/onewiretemp
[0.337s] [0mCMake Deprecation Warning at CMakeLists.txt:1 (cmake_minimum_required):
[0.337s]   Compatibility with CMake < 3.5 will be removed from a future version of
[0.337s]   CMake.
[0.337s] 
[0.338s]   Update the VERSION argument <min> value or use a ...<max> suffix to tell
[0.338s]   CMake that the project does not need compatibility with older versions.
[0.338s] 
[0.338s] [0m
[0.470s] -- The C compiler identification is GNU 13.3.0
[0.613s] -- The CXX compiler identification is GNU 13.3.0
[0.648s] -- Detecting C compiler ABI info
[0.786s] -- Detecting C compiler ABI info - done
[0.795s] -- Check for working C compiler: /usr/bin/cc - skipped
[0.795s] -- Detecting C compile features
[0.796s] -- Detecting C compile features - done
[0.808s] -- Detecting CXX compiler ABI info
[0.915s] -- Detecting CXX compiler ABI info - done
[0.922s] -- Check for working CXX compiler: /usr/bin/c++ - skipped
[0.922s] -- Detecting CXX compile features
[0.922s] -- Detecting CXX compile features - done
[0.936s] [31mCMake Error at CMakeLists.txt:4 (find_package):
[0.936s]   By not providing "Findcatkin.cmake" in CMAKE_MODULE_PATH this project has
[0.936s]   asked CMake to find a package configuration file provided by "catkin", but
[0.937s]   CMake did not find one.
[0.937s] 
[0.937s]   Could not find a package configuration file provided by "catkin" with any
[0.937s]   of the following names:
[0.937s] 
[0.937s]     catkinConfig.cmake
[0.937s]     catkin-config.cmake
[0.937s] 
[0.937s]   Add the installation prefix of "catkin" to CMAKE_PREFIX_PATH or set
[0.937s]   "catkin_DIR" to a directory containing one of the above files.  If "catkin"
[0.937s]   provides a separate development package or SDK, be sure it has been
[0.937s]   installed.
[0.937s] 
[0.937s] [0m
[0.938s] -- Configuring incomplete, errors occurred!
[0.942s] Invoked command in '/home/agata/Desktop/Things/GIT/BlueSpark/BlueSpark/PrototypeOne/ROS2/ros2_ws/build/onewiretemp' returned '1': DEBUGINFOD_URLS=https://debuginfod.ubuntu.com /usr/bin/cmake /home/agata/Desktop/Things/GIT/BlueSpark/BlueSpark/PrototypeOne/ROS2/ros2_ws/src/onewire_temp_publisher -DCATKIN_INSTALL_INTO_PREFIX_ROOT=0 -DCMAKE_INSTALL_PREFIX=/home/agata/Desktop/Things/GIT/BlueSpark/BlueSpark/PrototypeOne/ROS2/ros2_ws/install/onewiretemp
