[1.078s] Invoking command in '/home/agata/Desktop/Things/GIT/BlueSpark/BlueSpark/PrototypeOne/ROS2/ros2_ws/src/sensor_hub_subscriber': DEBUGINFOD_URLS=https://debuginfod.ubuntu.com PYTHONPATH=/home/agata/Desktop/Things/GIT/BlueSpark/BlueSpark/PrototypeOne/ROS2/ros2_ws/build/sensor_hub/prefix_override:/usr/lib/python3/dist-packages/colcon_core/task/python/colcon_distutils_commands:/home/agata/Desktop/Things/GIT/BlueSpark/BlueSpark/PrototypeOne/ROS2/ros2_ws/install/sensor_hub/lib/python3.12/site-packages:${PYTHONPATH} /usr/bin/python3 -W ignore:setup.py install is deprecated -W ignore:easy_install command is deprecated setup.py egg_info --egg-base ../../build/sensor_hub build --build-base /home/agata/Desktop/Things/GIT/BlueSpark/BlueSpark/PrototypeOne/ROS2/ros2_ws/build/sensor_hub/build install --record /home/agata/Desktop/Things/GIT/BlueSpark/BlueSpark/PrototypeOne/ROS2/ros2_ws/build/sensor_hub/install.log --single-version-externally-managed install_data
[1.271s] running egg_info
[1.283s] writing ../../build/sensor_hub/sensor_hub.egg-info/PKG-INFO
[1.283s] writing dependency_links to ../../build/sensor_hub/sensor_hub.egg-info/dependency_links.txt
[1.283s] writing entry points to ../../build/sensor_hub/sensor_hub.egg-info/entry_points.txt
[1.284s] writing requirements to ../../build/sensor_hub/sensor_hub.egg-info/requires.txt
[1.284s] writing top-level names to ../../build/sensor_hub/sensor_hub.egg-info/top_level.txt
[1.309s] reading manifest file '../../build/sensor_hub/sensor_hub.egg-info/SOURCES.txt'
[1.309s] adding license file 'LICENSE'
[1.312s] writing manifest file '../../build/sensor_hub/sensor_hub.egg-info/SOURCES.txt'
[1.312s] running build
[1.312s] running build_py
[1.312s] copying sensor_hub/sensor_hub.py -> /home/agata/Desktop/Things/GIT/BlueSpark/BlueSpark/PrototypeOne/ROS2/ros2_ws/build/sensor_hub/build/lib/sensor_hub
[1.312s] running install
[1.316s] running install_lib
[1.330s] copying /home/agata/Desktop/Things/GIT/BlueSpark/BlueSpark/PrototypeOne/ROS2/ros2_ws/build/sensor_hub/build/lib/sensor_hub/sensor_hub.py -> /home/agata/Desktop/Things/GIT/BlueSpark/BlueSpark/PrototypeOne/ROS2/ros2_ws/install/sensor_hub/lib/python3.12/site-packages/sensor_hub
[1.330s] byte-compiling /home/agata/Desktop/Things/GIT/BlueSpark/BlueSpark/PrototypeOne/ROS2/ros2_ws/install/sensor_hub/lib/python3.12/site-packages/sensor_hub/sensor_hub.py to sensor_hub.cpython-312.pyc
[1.331s] running install_data
[1.331s] running install_egg_info
[1.345s] removing '/home/agata/Desktop/Things/GIT/BlueSpark/BlueSpark/PrototypeOne/ROS2/ros2_ws/install/sensor_hub/lib/python3.12/site-packages/sensor_hub-0.0.0-py3.12.egg-info' (and everything under it)
[1.345s] Copying ../../build/sensor_hub/sensor_hub.egg-info to /home/agata/Desktop/Things/GIT/BlueSpark/BlueSpark/PrototypeOne/ROS2/ros2_ws/install/sensor_hub/lib/python3.12/site-packages/sensor_hub-0.0.0-py3.12.egg-info
[1.345s] running install_scripts
[1.450s] Installing sensor_hub script to /home/agata/Desktop/Things/GIT/BlueSpark/BlueSpark/PrototypeOne/ROS2/ros2_ws/install/sensor_hub/lib/sensor_hub
[1.451s] writing list of installed files to '/home/agata/Desktop/Things/GIT/BlueSpark/BlueSpark/PrototypeOne/ROS2/ros2_ws/build/sensor_hub/install.log'
[1.485s] Invoked command in '/home/agata/Desktop/Things/GIT/BlueSpark/BlueSpark/PrototypeOne/ROS2/ros2_ws/src/sensor_hub_subscriber' returned '0': DEBUGINFOD_URLS=https://debuginfod.ubuntu.com PYTHONPATH=/home/agata/Desktop/Things/GIT/BlueSpark/BlueSpark/PrototypeOne/ROS2/ros2_ws/build/sensor_hub/prefix_override:/usr/lib/python3/dist-packages/colcon_core/task/python/colcon_distutils_commands:/home/agata/Desktop/Things/GIT/BlueSpark/BlueSpark/PrototypeOne/ROS2/ros2_ws/install/sensor_hub/lib/python3.12/site-packages:${PYTHONPATH} /usr/bin/python3 -W ignore:setup.py install is deprecated -W ignore:easy_install command is deprecated setup.py egg_info --egg-base ../../build/sensor_hub build --build-base /home/agata/Desktop/Things/GIT/BlueSpark/BlueSpark/PrototypeOne/ROS2/ros2_ws/build/sensor_hub/build install --record /home/agata/Desktop/Things/GIT/BlueSpark/BlueSpark/PrototypeOne/ROS2/ros2_ws/build/sensor_hub/install.log --single-version-externally-managed install_data
