[0.985s] Invoking command in '/home/agata/Desktop/Things/GIT/BlueSpark/BlueSpark/PrototypeOne/ROS2/ros2_ws/src/sensor_hub_subscriber': DEBUGINFOD_URLS=https://debuginfod.ubuntu.com PYTHONPATH=/home/agata/Desktop/Things/GIT/BlueSpark/BlueSpark/PrototypeOne/ROS2/ros2_ws/build/sensor_hub/prefix_override:/usr/lib/python3/dist-packages/colcon_core/task/python/colcon_distutils_commands:/home/agata/Desktop/Things/GIT/BlueSpark/BlueSpark/PrototypeOne/ROS2/ros2_ws/install/sensor_hub/lib/python3.12/site-packages:${PYTHONPATH} /usr/bin/python3 -W ignore:setup.py install is deprecated -W ignore:easy_install command is deprecated setup.py egg_info --egg-base ../../build/sensor_hub build --build-base /home/agata/Desktop/Things/GIT/BlueSpark/BlueSpark/PrototypeOne/ROS2/ros2_ws/build/sensor_hub/build install --record /home/agata/Desktop/Things/GIT/BlueSpark/BlueSpark/PrototypeOne/ROS2/ros2_ws/build/sensor_hub/install.log --single-version-externally-managed install_data
[1.172s] running egg_info
[1.184s] writing ../../build/sensor_hub/sensor_hub.egg-info/PKG-INFO
[1.185s] writing dependency_links to ../../build/sensor_hub/sensor_hub.egg-info/dependency_links.txt
[1.185s] writing entry points to ../../build/sensor_hub/sensor_hub.egg-info/entry_points.txt
[1.185s] writing requirements to ../../build/sensor_hub/sensor_hub.egg-info/requires.txt
[1.185s] writing top-level names to ../../build/sensor_hub/sensor_hub.egg-info/top_level.txt
[1.212s] reading manifest file '../../build/sensor_hub/sensor_hub.egg-info/SOURCES.txt'
[1.213s] adding license file 'LICENSE'
[1.213s] writing manifest file '../../build/sensor_hub/sensor_hub.egg-info/SOURCES.txt'
[1.213s] running build
[1.213s] running build_py
[1.214s] copying sensor_hub/sensor_hub.py -> /home/agata/Desktop/Things/GIT/BlueSpark/BlueSpark/PrototypeOne/ROS2/ros2_ws/build/sensor_hub/build/lib/sensor_hub
[1.214s] running install
[1.218s] running install_lib
[1.231s] copying /home/agata/Desktop/Things/GIT/BlueSpark/BlueSpark/PrototypeOne/ROS2/ros2_ws/build/sensor_hub/build/lib/sensor_hub/sensor_hub.py -> /home/agata/Desktop/Things/GIT/BlueSpark/BlueSpark/PrototypeOne/ROS2/ros2_ws/install/sensor_hub/lib/python3.12/site-packages/sensor_hub
[1.232s] byte-compiling /home/agata/Desktop/Things/GIT/BlueSpark/BlueSpark/PrototypeOne/ROS2/ros2_ws/install/sensor_hub/lib/python3.12/site-packages/sensor_hub/sensor_hub.py to sensor_hub.cpython-312.pyc
[1.232s] running install_data
[1.232s] running install_egg_info
[1.246s] removing '/home/agata/Desktop/Things/GIT/BlueSpark/BlueSpark/PrototypeOne/ROS2/ros2_ws/install/sensor_hub/lib/python3.12/site-packages/sensor_hub-0.0.0-py3.12.egg-info' (and everything under it)
[1.246s] Copying ../../build/sensor_hub/sensor_hub.egg-info to /home/agata/Desktop/Things/GIT/BlueSpark/BlueSpark/PrototypeOne/ROS2/ros2_ws/install/sensor_hub/lib/python3.12/site-packages/sensor_hub-0.0.0-py3.12.egg-info
[1.247s] running install_scripts
[1.345s] Installing sensor_hub script to /home/agata/Desktop/Things/GIT/BlueSpark/BlueSpark/PrototypeOne/ROS2/ros2_ws/install/sensor_hub/lib/sensor_hub
[1.345s] writing list of installed files to '/home/agata/Desktop/Things/GIT/BlueSpark/BlueSpark/PrototypeOne/ROS2/ros2_ws/build/sensor_hub/install.log'
[1.371s] Invoked command in '/home/agata/Desktop/Things/GIT/BlueSpark/BlueSpark/PrototypeOne/ROS2/ros2_ws/src/sensor_hub_subscriber' returned '0': DEBUGINFOD_URLS=https://debuginfod.ubuntu.com PYTHONPATH=/home/agata/Desktop/Things/GIT/BlueSpark/BlueSpark/PrototypeOne/ROS2/ros2_ws/build/sensor_hub/prefix_override:/usr/lib/python3/dist-packages/colcon_core/task/python/colcon_distutils_commands:/home/agata/Desktop/Things/GIT/BlueSpark/BlueSpark/PrototypeOne/ROS2/ros2_ws/install/sensor_hub/lib/python3.12/site-packages:${PYTHONPATH} /usr/bin/python3 -W ignore:setup.py install is deprecated -W ignore:easy_install command is deprecated setup.py egg_info --egg-base ../../build/sensor_hub build --build-base /home/agata/Desktop/Things/GIT/BlueSpark/BlueSpark/PrototypeOne/ROS2/ros2_ws/build/sensor_hub/build install --record /home/agata/Desktop/Things/GIT/BlueSpark/BlueSpark/PrototypeOne/ROS2/ros2_ws/build/sensor_hub/install.log --single-version-externally-managed install_data
