[0.828s] Invoking command in '/home/agata/Desktop/Things/GIT/BlueSpark/BlueSpark/PrototypeOne/ROS2/ros2_ws/build/minimu_publisher': DEBUGINFOD_URLS=https://debuginfod.ubuntu.com PYTHONPATH=/home/agata/Desktop/Things/GIT/BlueSpark/BlueSpark/PrototypeOne/ROS2/ros2_ws/build/minimu_publisher/prefix_override:/usr/lib/python3/dist-packages/colcon_core/task/python/colcon_distutils_commands:/home/agata/Desktop/Things/GIT/BlueSpark/BlueSpark/PrototypeOne/ROS2/ros2_ws/install/minimu_publisher/lib/python3.12/site-packages:${PYTHONPATH} /usr/bin/python3 -W ignore:setup.py install is deprecated -W ignore:easy_install command is deprecated setup.py develop --editable --build-directory /home/agata/Desktop/Things/GIT/BlueSpark/BlueSpark/PrototypeOne/ROS2/ros2_ws/build/minimu_publisher/build --no-deps
[1.031s] running develop
[1.135s] /usr/lib/python3/dist-packages/setuptools/command/easy_install.py:363: UserWarning: Unbuilt egg for pytest-repeat [unknown version] (/usr/lib/python3/dist-packages)
[1.135s]   self.local_index = Environment(self.shadow_path + sys.path)
[1.158s] running egg_info
[1.158s] creating minimu_publisher.egg-info
[1.169s] writing minimu_publisher.egg-info/PKG-INFO
[1.169s] writing dependency_links to minimu_publisher.egg-info/dependency_links.txt
[1.170s] writing entry points to minimu_publisher.egg-info/entry_points.txt
[1.170s] writing requirements to minimu_publisher.egg-info/requires.txt
[1.170s] writing top-level names to minimu_publisher.egg-info/top_level.txt
[1.170s] writing manifest file 'minimu_publisher.egg-info/SOURCES.txt'
[1.193s] reading manifest file 'minimu_publisher.egg-info/SOURCES.txt'
[1.194s] writing manifest file 'minimu_publisher.egg-info/SOURCES.txt'
[1.207s] running build_ext
[1.207s] Creating /home/agata/Desktop/Things/GIT/BlueSpark/BlueSpark/PrototypeOne/ROS2/ros2_ws/install/minimu_publisher/lib/python3.12/site-packages/minimu-publisher.egg-link (link to .)
[1.209s] Installing minimu_publisher_node script to /home/agata/Desktop/Things/GIT/BlueSpark/BlueSpark/PrototypeOne/ROS2/ros2_ws/install/minimu_publisher/lib/minimu_publisher
[1.209s] 
[1.209s] Installed /home/agata/Desktop/Things/GIT/BlueSpark/BlueSpark/PrototypeOne/ROS2/ros2_ws/build/minimu_publisher
[1.233s] Invoked command in '/home/agata/Desktop/Things/GIT/BlueSpark/BlueSpark/PrototypeOne/ROS2/ros2_ws/build/minimu_publisher' returned '0': DEBUGINFOD_URLS=https://debuginfod.ubuntu.com PYTHONPATH=/home/agata/Desktop/Things/GIT/BlueSpark/BlueSpark/PrototypeOne/ROS2/ros2_ws/build/minimu_publisher/prefix_override:/usr/lib/python3/dist-packages/colcon_core/task/python/colcon_distutils_commands:/home/agata/Desktop/Things/GIT/BlueSpark/BlueSpark/PrototypeOne/ROS2/ros2_ws/install/minimu_publisher/lib/python3.12/site-packages:${PYTHONPATH} /usr/bin/python3 -W ignore:setup.py install is deprecated -W ignore:easy_install command is deprecated setup.py develop --editable --build-directory /home/agata/Desktop/Things/GIT/BlueSpark/BlueSpark/PrototypeOne/ROS2/ros2_ws/build/minimu_publisher/build --no-deps
