/home/agata/Desktop/Things/GIT/BlueSpark/BlueSpark/PrototypeOne/ROS2/ros2_ws/install/ms5837_bar30/lib/python3.12/site-packages/ms5837_bar_ros/__init__.py
/home/agata/Desktop/Things/GIT/BlueSpark/BlueSpark/PrototypeOne/ROS2/ros2_ws/install/ms5837_bar30/lib/python3.12/site-packages/ms5837_bar_ros/bar02_component.py
/home/agata/Desktop/Things/GIT/BlueSpark/BlueSpark/PrototypeOne/ROS2/ros2_ws/install/ms5837_bar30/lib/python3.12/site-packages/ms5837_bar_ros/bar30_component.py
/home/agata/Desktop/Things/GIT/BlueSpark/BlueSpark/PrototypeOne/ROS2/ros2_ws/install/ms5837_bar30/lib/python3.12/site-packages/ms5837_bar_ros/__pycache__/__init__.cpython-312.pyc
/home/agata/Desktop/Things/GIT/BlueSpark/BlueSpark/PrototypeOne/ROS2/ros2_ws/install/ms5837_bar30/lib/python3.12/site-packages/ms5837_bar_ros/__pycache__/bar02_component.cpython-312.pyc
/home/agata/Desktop/Things/GIT/BlueSpark/BlueSpark/PrototypeOne/ROS2/ros2_ws/install/ms5837_bar30/lib/python3.12/site-packages/ms5837_bar_ros/__pycache__/bar30_component.cpython-312.pyc
/home/agata/Desktop/Things/GIT/BlueSpark/BlueSpark/PrototypeOne/ROS2/ros2_ws/install/ms5837_bar30/share/ament_index/resource_index/packages/ms5837_bar_ros
/home/agata/Desktop/Things/GIT/BlueSpark/BlueSpark/PrototypeOne/ROS2/ros2_ws/install/ms5837_bar30/share/ms5837_bar_ros/package.xml
/home/agata/Desktop/Things/GIT/BlueSpark/BlueSpark/PrototypeOne/ROS2/ros2_ws/install/ms5837_bar30/share/ms5837_bar_ros/launch/bar02.launch.py
/home/agata/Desktop/Things/GIT/BlueSpark/BlueSpark/PrototypeOne/ROS2/ros2_ws/install/ms5837_bar30/share/ms5837_bar_ros/launch/bar30.launch.py
/home/agata/Desktop/Things/GIT/BlueSpark/BlueSpark/PrototypeOne/ROS2/ros2_ws/install/ms5837_bar30/share/ms5837_bar_ros/rviz/bar02.rviz
/home/agata/Desktop/Things/GIT/BlueSpark/BlueSpark/PrototypeOne/ROS2/ros2_ws/install/ms5837_bar30/share/ms5837_bar_ros/rviz/bar30.rviz
/home/agata/Desktop/Things/GIT/BlueSpark/BlueSpark/PrototypeOne/ROS2/ros2_ws/install/ms5837_bar30/lib/python3.12/site-packages/ms5837_bar_ros-0.0.0-py3.12.egg-info/PKG-INFO
/home/agata/Desktop/Things/GIT/BlueSpark/BlueSpark/PrototypeOne/ROS2/ros2_ws/install/ms5837_bar30/lib/python3.12/site-packages/ms5837_bar_ros-0.0.0-py3.12.egg-info/SOURCES.txt
/home/agata/Desktop/Things/GIT/BlueSpark/BlueSpark/PrototypeOne/ROS2/ros2_ws/install/ms5837_bar30/lib/python3.12/site-packages/ms5837_bar_ros-0.0.0-py3.12.egg-info/zip-safe
/home/agata/Desktop/Things/GIT/BlueSpark/BlueSpark/PrototypeOne/ROS2/ros2_ws/install/ms5837_bar30/lib/python3.12/site-packages/ms5837_bar_ros-0.0.0-py3.12.egg-info/entry_points.txt
/home/agata/Desktop/Things/GIT/BlueSpark/BlueSpark/PrototypeOne/ROS2/ros2_ws/install/ms5837_bar30/lib/python3.12/site-packages/ms5837_bar_ros-0.0.0-py3.12.egg-info/top_level.txt
/home/agata/Desktop/Things/GIT/BlueSpark/BlueSpark/PrototypeOne/ROS2/ros2_ws/install/ms5837_bar30/lib/python3.12/site-packages/ms5837_bar_ros-0.0.0-py3.12.egg-info/requires.txt
/home/agata/Desktop/Things/GIT/BlueSpark/BlueSpark/PrototypeOne/ROS2/ros2_ws/install/ms5837_bar30/lib/python3.12/site-packages/ms5837_bar_ros-0.0.0-py3.12.egg-info/dependency_links.txt
/home/agata/Desktop/Things/GIT/BlueSpark/BlueSpark/PrototypeOne/ROS2/ros2_ws/install/ms5837_bar30/lib/ms5837_bar30/bar02_node
/home/agata/Desktop/Things/GIT/BlueSpark/BlueSpark/PrototypeOne/ROS2/ros2_ws/install/ms5837_bar30/lib/ms5837_bar30/bar30_node
