running egg_info
creating ../../build/ms5837_bar30/ms5837_bar_ros.egg-info
writing ../../build/ms5837_bar30/ms5837_bar_ros.egg-info/PKG-INFO
writing dependency_links to ../../build/ms5837_bar30/ms5837_bar_ros.egg-info/dependency_links.txt
writing entry points to ../../build/ms5837_bar30/ms5837_bar_ros.egg-info/entry_points.txt
writing requirements to ../../build/ms5837_bar30/ms5837_bar_ros.egg-info/requires.txt
writing top-level names to ../../build/ms5837_bar30/ms5837_bar_ros.egg-info/top_level.txt
writing manifest file '../../build/ms5837_bar30/ms5837_bar_ros.egg-info/SOURCES.txt'
reading manifest file '../../build/ms5837_bar30/ms5837_bar_ros.egg-info/SOURCES.txt'
adding license file 'LICENSE'
writing manifest file '../../build/ms5837_bar30/ms5837_bar_ros.egg-info/SOURCES.txt'
running build
running build_py
creating /home/agata/Desktop/Things/GIT/BlueSpark/BlueSpark/PrototypeOne/ROS2/ros2_ws/build/ms5837_bar30/build
creating /home/agata/Desktop/Things/GIT/BlueSpark/BlueSpark/PrototypeOne/ROS2/ros2_ws/build/ms5837_bar30/build/lib
creating /home/agata/Desktop/Things/GIT/BlueSpark/BlueSpark/PrototypeOne/ROS2/ros2_ws/build/ms5837_bar30/build/lib/ms5837_bar_ros
copying ms5837_bar_ros/__init__.py -> /home/agata/Desktop/Things/GIT/BlueSpark/BlueSpark/PrototypeOne/ROS2/ros2_ws/build/ms5837_bar30/build/lib/ms5837_bar_ros
copying ms5837_bar_ros/bar02_component.py -> /home/agata/Desktop/Things/GIT/BlueSpark/BlueSpark/PrototypeOne/ROS2/ros2_ws/build/ms5837_bar30/build/lib/ms5837_bar_ros
copying ms5837_bar_ros/bar30_component.py -> /home/agata/Desktop/Things/GIT/BlueSpark/BlueSpark/PrototypeOne/ROS2/ros2_ws/build/ms5837_bar30/build/lib/ms5837_bar_ros
running install
running install_lib
creating /home/agata/Desktop/Things/GIT/BlueSpark/BlueSpark/PrototypeOne/ROS2/ros2_ws/install/ms5837_bar30/lib/python3.12/site-packages/ms5837_bar_ros
copying /home/agata/Desktop/Things/GIT/BlueSpark/BlueSpark/PrototypeOne/ROS2/ros2_ws/build/ms5837_bar30/build/lib/ms5837_bar_ros/__init__.py -> /home/agata/Desktop/Things/GIT/BlueSpark/BlueSpark/PrototypeOne/ROS2/ros2_ws/install/ms5837_bar30/lib/python3.12/site-packages/ms5837_bar_ros
copying /home/agata/Desktop/Things/GIT/BlueSpark/BlueSpark/PrototypeOne/ROS2/ros2_ws/build/ms5837_bar30/build/lib/ms5837_bar_ros/bar02_component.py -> /home/agata/Desktop/Things/GIT/BlueSpark/BlueSpark/PrototypeOne/ROS2/ros2_ws/install/ms5837_bar30/lib/python3.12/site-packages/ms5837_bar_ros
copying /home/agata/Desktop/Things/GIT/BlueSpark/BlueSpark/PrototypeOne/ROS2/ros2_ws/build/ms5837_bar30/build/lib/ms5837_bar_ros/bar30_component.py -> /home/agata/Desktop/Things/GIT/BlueSpark/BlueSpark/PrototypeOne/ROS2/ros2_ws/install/ms5837_bar30/lib/python3.12/site-packages/ms5837_bar_ros
byte-compiling /home/agata/Desktop/Things/GIT/BlueSpark/BlueSpark/PrototypeOne/ROS2/ros2_ws/install/ms5837_bar30/lib/python3.12/site-packages/ms5837_bar_ros/__init__.py to __init__.cpython-312.pyc
byte-compiling /home/agata/Desktop/Things/GIT/BlueSpark/BlueSpark/PrototypeOne/ROS2/ros2_ws/install/ms5837_bar30/lib/python3.12/site-packages/ms5837_bar_ros/bar02_component.py to bar02_component.cpython-312.pyc
byte-compiling /home/agata/Desktop/Things/GIT/BlueSpark/BlueSpark/PrototypeOne/ROS2/ros2_ws/install/ms5837_bar30/lib/python3.12/site-packages/ms5837_bar_ros/bar30_component.py to bar30_component.cpython-312.pyc
running install_data
copying resource/ms5837_bar_ros -> /home/agata/Desktop/Things/GIT/BlueSpark/BlueSpark/PrototypeOne/ROS2/ros2_ws/install/ms5837_bar30/share/ament_index/resource_index/packages
creating /home/agata/Desktop/Things/GIT/BlueSpark/BlueSpark/PrototypeOne/ROS2/ros2_ws/install/ms5837_bar30/share/ms5837_bar_ros
copying package.xml -> /home/agata/Desktop/Things/GIT/BlueSpark/BlueSpark/PrototypeOne/ROS2/ros2_ws/install/ms5837_bar30/share/ms5837_bar_ros
creating /home/agata/Desktop/Things/GIT/BlueSpark/BlueSpark/PrototypeOne/ROS2/ros2_ws/install/ms5837_bar30/share/ms5837_bar_ros/launch
copying launch/bar02.launch.py -> /home/agata/Desktop/Things/GIT/BlueSpark/BlueSpark/PrototypeOne/ROS2/ros2_ws/install/ms5837_bar30/share/ms5837_bar_ros/launch/
copying launch/bar30.launch.py -> /home/agata/Desktop/Things/GIT/BlueSpark/BlueSpark/PrototypeOne/ROS2/ros2_ws/install/ms5837_bar30/share/ms5837_bar_ros/launch/
creating /home/agata/Desktop/Things/GIT/BlueSpark/BlueSpark/PrototypeOne/ROS2/ros2_ws/install/ms5837_bar30/share/ms5837_bar_ros/rviz
copying rviz/bar02.rviz -> /home/agata/Desktop/Things/GIT/BlueSpark/BlueSpark/PrototypeOne/ROS2/ros2_ws/install/ms5837_bar30/share/ms5837_bar_ros/rviz/
copying rviz/bar30.rviz -> /home/agata/Desktop/Things/GIT/BlueSpark/BlueSpark/PrototypeOne/ROS2/ros2_ws/install/ms5837_bar30/share/ms5837_bar_ros/rviz/
running install_egg_info
Copying ../../build/ms5837_bar30/ms5837_bar_ros.egg-info to /home/agata/Desktop/Things/GIT/BlueSpark/BlueSpark/PrototypeOne/ROS2/ros2_ws/install/ms5837_bar30/lib/python3.12/site-packages/ms5837_bar_ros-0.0.0-py3.12.egg-info
running install_scripts
Installing bar02_node script to /home/agata/Desktop/Things/GIT/BlueSpark/BlueSpark/PrototypeOne/ROS2/ros2_ws/install/ms5837_bar30/lib/ms5837_bar30
Installing bar30_node script to /home/agata/Desktop/Things/GIT/BlueSpark/BlueSpark/PrototypeOne/ROS2/ros2_ws/install/ms5837_bar30/lib/ms5837_bar30
writing list of installed files to '/home/agata/Desktop/Things/GIT/BlueSpark/BlueSpark/PrototypeOne/ROS2/ros2_ws/build/ms5837_bar30/install.log'
