[2.113s] Invoking command in '/home/agata/Desktop/Things/GIT/BlueSpark/BlueSpark/PrototypeOne/ROS2/ros2_ws/src/ms5837_bar30': DEBUGINFOD_URLS=https://debuginfod.ubuntu.com PYTHONPATH=/home/agata/Desktop/Things/GIT/BlueSpark/BlueSpark/PrototypeOne/ROS2/ros2_ws/build/ms5837_bar30/prefix_override:/usr/lib/python3/dist-packages/colcon_core/task/python/colcon_distutils_commands:/home/agata/Desktop/Things/GIT/BlueSpark/BlueSpark/PrototypeOne/ROS2/ros2_ws/install/ms5837_bar30/lib/python3.12/site-packages:${PYTHONPATH} /usr/bin/python3 -W ignore:setup.py install is deprecated -W ignore:easy_install command is deprecated setup.py egg_info --egg-base ../../build/ms5837_bar30 build --build-base /home/agata/Desktop/Things/GIT/BlueSpark/BlueSpark/PrototypeOne/ROS2/ros2_ws/build/ms5837_bar30/build install --record /home/agata/Desktop/Things/GIT/BlueSpark/BlueSpark/PrototypeOne/ROS2/ros2_ws/build/ms5837_bar30/install.log --single-version-externally-managed install_data
[2.634s] running egg_info
[2.634s] creating ../../build/ms5837_bar30/ms5837_bar_ros.egg-info
[2.670s] writing ../../build/ms5837_bar30/ms5837_bar_ros.egg-info/PKG-INFO
[2.670s] writing dependency_links to ../../build/ms5837_bar30/ms5837_bar_ros.egg-info/dependency_links.txt
[2.671s] writing entry points to ../../build/ms5837_bar30/ms5837_bar_ros.egg-info/entry_points.txt
[2.671s] writing requirements to ../../build/ms5837_bar30/ms5837_bar_ros.egg-info/requires.txt
[2.671s] writing top-level names to ../../build/ms5837_bar30/ms5837_bar_ros.egg-info/top_level.txt
[2.671s] writing manifest file '../../build/ms5837_bar30/ms5837_bar_ros.egg-info/SOURCES.txt'
[2.746s] reading manifest file '../../build/ms5837_bar30/ms5837_bar_ros.egg-info/SOURCES.txt'
[2.746s] adding license file 'LICENSE'
[2.747s] writing manifest file '../../build/ms5837_bar30/ms5837_bar_ros.egg-info/SOURCES.txt'
[2.748s] running build
[2.748s] running build_py
[2.748s] creating /home/agata/Desktop/Things/GIT/BlueSpark/BlueSpark/PrototypeOne/ROS2/ros2_ws/build/ms5837_bar30/build
[2.748s] creating /home/agata/Desktop/Things/GIT/BlueSpark/BlueSpark/PrototypeOne/ROS2/ros2_ws/build/ms5837_bar30/build/lib
[2.749s] creating /home/agata/Desktop/Things/GIT/BlueSpark/BlueSpark/PrototypeOne/ROS2/ros2_ws/build/ms5837_bar30/build/lib/ms5837_bar_ros
[2.749s] copying ms5837_bar_ros/__init__.py -> /home/agata/Desktop/Things/GIT/BlueSpark/BlueSpark/PrototypeOne/ROS2/ros2_ws/build/ms5837_bar30/build/lib/ms5837_bar_ros
[2.749s] copying ms5837_bar_ros/bar02_component.py -> /home/agata/Desktop/Things/GIT/BlueSpark/BlueSpark/PrototypeOne/ROS2/ros2_ws/build/ms5837_bar30/build/lib/ms5837_bar_ros
[2.749s] copying ms5837_bar_ros/bar30_component.py -> /home/agata/Desktop/Things/GIT/BlueSpark/BlueSpark/PrototypeOne/ROS2/ros2_ws/build/ms5837_bar30/build/lib/ms5837_bar_ros
[2.749s] running install
[2.762s] running install_lib
[2.798s] creating /home/agata/Desktop/Things/GIT/BlueSpark/BlueSpark/PrototypeOne/ROS2/ros2_ws/install/ms5837_bar30/lib/python3.12/site-packages/ms5837_bar_ros
[2.798s] copying /home/agata/Desktop/Things/GIT/BlueSpark/BlueSpark/PrototypeOne/ROS2/ros2_ws/build/ms5837_bar30/build/lib/ms5837_bar_ros/__init__.py -> /home/agata/Desktop/Things/GIT/BlueSpark/BlueSpark/PrototypeOne/ROS2/ros2_ws/install/ms5837_bar30/lib/python3.12/site-packages/ms5837_bar_ros
[2.799s] copying /home/agata/Desktop/Things/GIT/BlueSpark/BlueSpark/PrototypeOne/ROS2/ros2_ws/build/ms5837_bar30/build/lib/ms5837_bar_ros/bar02_component.py -> /home/agata/Desktop/Things/GIT/BlueSpark/BlueSpark/PrototypeOne/ROS2/ros2_ws/install/ms5837_bar30/lib/python3.12/site-packages/ms5837_bar_ros
[2.799s] copying /home/agata/Desktop/Things/GIT/BlueSpark/BlueSpark/PrototypeOne/ROS2/ros2_ws/build/ms5837_bar30/build/lib/ms5837_bar_ros/bar30_component.py -> /home/agata/Desktop/Things/GIT/BlueSpark/BlueSpark/PrototypeOne/ROS2/ros2_ws/install/ms5837_bar30/lib/python3.12/site-packages/ms5837_bar_ros
[2.800s] byte-compiling /home/agata/Desktop/Things/GIT/BlueSpark/BlueSpark/PrototypeOne/ROS2/ros2_ws/install/ms5837_bar30/lib/python3.12/site-packages/ms5837_bar_ros/__init__.py to __init__.cpython-312.pyc
[2.801s] byte-compiling /home/agata/Desktop/Things/GIT/BlueSpark/BlueSpark/PrototypeOne/ROS2/ros2_ws/install/ms5837_bar30/lib/python3.12/site-packages/ms5837_bar_ros/bar02_component.py to bar02_component.cpython-312.pyc
[2.803s] byte-compiling /home/agata/Desktop/Things/GIT/BlueSpark/BlueSpark/PrototypeOne/ROS2/ros2_ws/install/ms5837_bar30/lib/python3.12/site-packages/ms5837_bar_ros/bar30_component.py to bar30_component.cpython-312.pyc
[2.806s] running install_data
[2.806s] copying resource/ms5837_bar_ros -> /home/agata/Desktop/Things/GIT/BlueSpark/BlueSpark/PrototypeOne/ROS2/ros2_ws/install/ms5837_bar30/share/ament_index/resource_index/packages
[2.806s] creating /home/agata/Desktop/Things/GIT/BlueSpark/BlueSpark/PrototypeOne/ROS2/ros2_ws/install/ms5837_bar30/share/ms5837_bar_ros
[2.806s] copying package.xml -> /home/agata/Desktop/Things/GIT/BlueSpark/BlueSpark/PrototypeOne/ROS2/ros2_ws/install/ms5837_bar30/share/ms5837_bar_ros
[2.806s] creating /home/agata/Desktop/Things/GIT/BlueSpark/BlueSpark/PrototypeOne/ROS2/ros2_ws/install/ms5837_bar30/share/ms5837_bar_ros/launch
[2.807s] copying launch/bar02.launch.py -> /home/agata/Desktop/Things/GIT/BlueSpark/BlueSpark/PrototypeOne/ROS2/ros2_ws/install/ms5837_bar30/share/ms5837_bar_ros/launch/
[2.807s] copying launch/bar30.launch.py -> /home/agata/Desktop/Things/GIT/BlueSpark/BlueSpark/PrototypeOne/ROS2/ros2_ws/install/ms5837_bar30/share/ms5837_bar_ros/launch/
[2.807s] creating /home/agata/Desktop/Things/GIT/BlueSpark/BlueSpark/PrototypeOne/ROS2/ros2_ws/install/ms5837_bar30/share/ms5837_bar_ros/rviz
[2.807s] copying rviz/bar02.rviz -> /home/agata/Desktop/Things/GIT/BlueSpark/BlueSpark/PrototypeOne/ROS2/ros2_ws/install/ms5837_bar30/share/ms5837_bar_ros/rviz/
[2.808s] copying rviz/bar30.rviz -> /home/agata/Desktop/Things/GIT/BlueSpark/BlueSpark/PrototypeOne/ROS2/ros2_ws/install/ms5837_bar30/share/ms5837_bar_ros/rviz/
[2.808s] running install_egg_info
[2.848s] Copying ../../build/ms5837_bar30/ms5837_bar_ros.egg-info to /home/agata/Desktop/Things/GIT/BlueSpark/BlueSpark/PrototypeOne/ROS2/ros2_ws/install/ms5837_bar30/lib/python3.12/site-packages/ms5837_bar_ros-0.0.0-py3.12.egg-info
[2.850s] running install_scripts
[3.112s] Installing bar02_node script to /home/agata/Desktop/Things/GIT/BlueSpark/BlueSpark/PrototypeOne/ROS2/ros2_ws/install/ms5837_bar30/lib/ms5837_bar30
[3.113s] Installing bar30_node script to /home/agata/Desktop/Things/GIT/BlueSpark/BlueSpark/PrototypeOne/ROS2/ros2_ws/install/ms5837_bar30/lib/ms5837_bar30
[3.113s] writing list of installed files to '/home/agata/Desktop/Things/GIT/BlueSpark/BlueSpark/PrototypeOne/ROS2/ros2_ws/build/ms5837_bar30/install.log'
[3.166s] Invoked command in '/home/agata/Desktop/Things/GIT/BlueSpark/BlueSpark/PrototypeOne/ROS2/ros2_ws/src/ms5837_bar30' returned '0': DEBUGINFOD_URLS=https://debuginfod.ubuntu.com PYTHONPATH=/home/agata/Desktop/Things/GIT/BlueSpark/BlueSpark/PrototypeOne/ROS2/ros2_ws/build/ms5837_bar30/prefix_override:/usr/lib/python3/dist-packages/colcon_core/task/python/colcon_distutils_commands:/home/agata/Desktop/Things/GIT/BlueSpark/BlueSpark/PrototypeOne/ROS2/ros2_ws/install/ms5837_bar30/lib/python3.12/site-packages:${PYTHONPATH} /usr/bin/python3 -W ignore:setup.py install is deprecated -W ignore:easy_install command is deprecated setup.py egg_info --egg-base ../../build/ms5837_bar30 build --build-base /home/agata/Desktop/Things/GIT/BlueSpark/BlueSpark/PrototypeOne/ROS2/ros2_ws/build/ms5837_bar30/build install --record /home/agata/Desktop/Things/GIT/BlueSpark/BlueSpark/PrototypeOne/ROS2/ros2_ws/build/ms5837_bar30/install.log --single-version-externally-managed install_data
