[0.027s] Invoking command in '/home/agata/Desktop/Things/GIT/BlueSpark/BlueSpark/PrototypeOne/ROS2/ros2_ws/build/onewiretemp': DEBUGINFOD_URLS=https://debuginfod.ubuntu.com /usr/bin/cmake --build /home/agata/Desktop/Things/GIT/BlueSpark/BlueSpark/PrototypeOne/ROS2/ros2_ws/build/onewiretemp -- -j12 -l12
[0.183s] Built target ament_cmake_python_copy_nodes
[0.653s] running egg_info
[0.692s] writing nodes.egg-info/PKG-INFO
[0.692s] writing dependency_links to nodes.egg-info/dependency_links.txt
[0.693s] writing top-level names to nodes.egg-info/top_level.txt
[0.809s] reading manifest file 'nodes.egg-info/SOURCES.txt'
[0.811s] writing manifest file 'nodes.egg-info/SOURCES.txt'
[0.884s] Built target ament_cmake_python_build_nodes_egg
[0.916s] Invoked command in '/home/agata/Desktop/Things/GIT/BlueSpark/BlueSpark/PrototypeOne/ROS2/ros2_ws/build/onewiretemp' returned '0': DEBUGINFOD_URLS=https://debuginfod.ubuntu.com /usr/bin/cmake --build /home/agata/Desktop/Things/GIT/BlueSpark/BlueSpark/PrototypeOne/ROS2/ros2_ws/build/onewiretemp -- -j12 -l12
[0.944s] Invoking command in '/home/agata/Desktop/Things/GIT/BlueSpark/BlueSpark/PrototypeOne/ROS2/ros2_ws/build/onewiretemp': DEBUGINFOD_URLS=https://debuginfod.ubuntu.com /usr/bin/cmake --install /home/agata/Desktop/Things/GIT/BlueSpark/BlueSpark/PrototypeOne/ROS2/ros2_ws/build/onewiretemp
[0.966s] -- Install configuration: ""
[0.966s] -- Up-to-date: /home/agata/Desktop/Things/GIT/BlueSpark/BlueSpark/PrototypeOne/ROS2/ros2_ws/install/onewiretemp/share/onewiretemp/environment/pythonpath.sh
[0.966s] -- Up-to-date: /home/agata/Desktop/Things/GIT/BlueSpark/BlueSpark/PrototypeOne/ROS2/ros2_ws/install/onewiretemp/share/onewiretemp/environment/pythonpath.dsv
[0.967s] -- Up-to-date: /home/agata/Desktop/Things/GIT/BlueSpark/BlueSpark/PrototypeOne/ROS2/ros2_ws/install/onewiretemp/lib/python3.12/site-packages/nodes-0.0.1-py3.12.egg-info
[0.967s] -- Installing: /home/agata/Desktop/Things/GIT/BlueSpark/BlueSpark/PrototypeOne/ROS2/ros2_ws/install/onewiretemp/lib/python3.12/site-packages/nodes-0.0.1-py3.12.egg-info/PKG-INFO
[0.967s] -- Installing: /home/agata/Desktop/Things/GIT/BlueSpark/BlueSpark/PrototypeOne/ROS2/ros2_ws/install/onewiretemp/lib/python3.12/site-packages/nodes-0.0.1-py3.12.egg-info/SOURCES.txt
[0.967s] -- Installing: /home/agata/Desktop/Things/GIT/BlueSpark/BlueSpark/PrototypeOne/ROS2/ros2_ws/install/onewiretemp/lib/python3.12/site-packages/nodes-0.0.1-py3.12.egg-info/top_level.txt
[0.967s] -- Installing: /home/agata/Desktop/Things/GIT/BlueSpark/BlueSpark/PrototypeOne/ROS2/ros2_ws/install/onewiretemp/lib/python3.12/site-packages/nodes-0.0.1-py3.12.egg-info/dependency_links.txt
[0.968s] -- Up-to-date: /home/agata/Desktop/Things/GIT/BlueSpark/BlueSpark/PrototypeOne/ROS2/ros2_ws/install/onewiretemp/lib/python3.12/site-packages/nodes
[0.968s] -- Up-to-date: /home/agata/Desktop/Things/GIT/BlueSpark/BlueSpark/PrototypeOne/ROS2/ros2_ws/install/onewiretemp/lib/python3.12/site-packages/nodes/__init__.py
[0.968s] -- Up-to-date: /home/agata/Desktop/Things/GIT/BlueSpark/BlueSpark/PrototypeOne/ROS2/ros2_ws/install/onewiretemp/lib/python3.12/site-packages/nodes/temperature.py
[1.046s] Listing '/home/agata/Desktop/Things/GIT/BlueSpark/BlueSpark/PrototypeOne/ROS2/ros2_ws/install/onewiretemp/lib/python3.12/site-packages/nodes'...
[1.058s] -- Up-to-date: /home/agata/Desktop/Things/GIT/BlueSpark/BlueSpark/PrototypeOne/ROS2/ros2_ws/install/onewiretemp/temperature.py
[1.058s] -- Up-to-date: /home/agata/Desktop/Things/GIT/BlueSpark/BlueSpark/PrototypeOne/ROS2/ros2_ws/install/onewiretemp/share/ament_index/resource_index/package_run_dependencies/onewiretemp
[1.058s] -- Up-to-date: /home/agata/Desktop/Things/GIT/BlueSpark/BlueSpark/PrototypeOne/ROS2/ros2_ws/install/onewiretemp/share/ament_index/resource_index/parent_prefix_path/onewiretemp
[1.058s] -- Up-to-date: /home/agata/Desktop/Things/GIT/BlueSpark/BlueSpark/PrototypeOne/ROS2/ros2_ws/install/onewiretemp/share/onewiretemp/environment/ament_prefix_path.sh
[1.058s] -- Up-to-date: /home/agata/Desktop/Things/GIT/BlueSpark/BlueSpark/PrototypeOne/ROS2/ros2_ws/install/onewiretemp/share/onewiretemp/environment/ament_prefix_path.dsv
[1.059s] -- Up-to-date: /home/agata/Desktop/Things/GIT/BlueSpark/BlueSpark/PrototypeOne/ROS2/ros2_ws/install/onewiretemp/share/onewiretemp/environment/path.sh
[1.059s] -- Up-to-date: /home/agata/Desktop/Things/GIT/BlueSpark/BlueSpark/PrototypeOne/ROS2/ros2_ws/install/onewiretemp/share/onewiretemp/environment/path.dsv
[1.059s] -- Up-to-date: /home/agata/Desktop/Things/GIT/BlueSpark/BlueSpark/PrototypeOne/ROS2/ros2_ws/install/onewiretemp/share/onewiretemp/local_setup.bash
[1.059s] -- Up-to-date: /home/agata/Desktop/Things/GIT/BlueSpark/BlueSpark/PrototypeOne/ROS2/ros2_ws/install/onewiretemp/share/onewiretemp/local_setup.sh
[1.060s] -- Up-to-date: /home/agata/Desktop/Things/GIT/BlueSpark/BlueSpark/PrototypeOne/ROS2/ros2_ws/install/onewiretemp/share/onewiretemp/local_setup.zsh
[1.060s] -- Up-to-date: /home/agata/Desktop/Things/GIT/BlueSpark/BlueSpark/PrototypeOne/ROS2/ros2_ws/install/onewiretemp/share/onewiretemp/local_setup.dsv
[1.060s] -- Installing: /home/agata/Desktop/Things/GIT/BlueSpark/BlueSpark/PrototypeOne/ROS2/ros2_ws/install/onewiretemp/share/onewiretemp/package.dsv
[1.060s] -- Up-to-date: /home/agata/Desktop/Things/GIT/BlueSpark/BlueSpark/PrototypeOne/ROS2/ros2_ws/install/onewiretemp/share/ament_index/resource_index/packages/onewiretemp
[1.060s] -- Up-to-date: /home/agata/Desktop/Things/GIT/BlueSpark/BlueSpark/PrototypeOne/ROS2/ros2_ws/install/onewiretemp/share/onewiretemp/cmake/onewiretempConfig.cmake
[1.060s] -- Up-to-date: /home/agata/Desktop/Things/GIT/BlueSpark/BlueSpark/PrototypeOne/ROS2/ros2_ws/install/onewiretemp/share/onewiretemp/cmake/onewiretempConfig-version.cmake
[1.061s] -- Up-to-date: /home/agata/Desktop/Things/GIT/BlueSpark/BlueSpark/PrototypeOne/ROS2/ros2_ws/install/onewiretemp/share/onewiretemp/package.xml
[1.064s] Invoked command in '/home/agata/Desktop/Things/GIT/BlueSpark/BlueSpark/PrototypeOne/ROS2/ros2_ws/build/onewiretemp' returned '0': DEBUGINFOD_URLS=https://debuginfod.ubuntu.com /usr/bin/cmake --install /home/agata/Desktop/Things/GIT/BlueSpark/BlueSpark/PrototypeOne/ROS2/ros2_ws/build/onewiretemp
