[1.048s] Invoking command in '/home/agata/Desktop/Things/GIT/BlueSpark/BlueSpark/PrototypeOne/ROS2/ros2_ws/src/barometer_ms5837_publlisher': DEBUGINFOD_URLS=https://debuginfod.ubuntu.com PYTHONPATH=/home/agata/Desktop/Things/GIT/BlueSpark/BlueSpark/PrototypeOne/ROS2/ros2_ws/build/ms5837_bar_ros/prefix_override:/usr/lib/python3/dist-packages/colcon_core/task/python/colcon_distutils_commands:/home/agata/Desktop/Things/GIT/BlueSpark/BlueSpark/PrototypeOne/ROS2/ros2_ws/install/ms5837_bar_ros/lib/python3.12/site-packages:${PYTHONPATH} /usr/bin/python3 -W ignore:setup.py install is deprecated -W ignore:easy_install command is deprecated setup.py egg_info --egg-base ../../build/ms5837_bar_ros build --build-base /home/agata/Desktop/Things/GIT/BlueSpark/BlueSpark/PrototypeOne/ROS2/ros2_ws/build/ms5837_bar_ros/build install --record /home/agata/Desktop/Things/GIT/BlueSpark/BlueSpark/PrototypeOne/ROS2/ros2_ws/build/ms5837_bar_ros/install.log --single-version-externally-managed install_data
[1.236s] running egg_info
[1.236s] creating ../../build/ms5837_bar_ros/ms5837_bar_ros.egg-info
[1.248s] writing ../../build/ms5837_bar_ros/ms5837_bar_ros.egg-info/PKG-INFO
[1.248s] writing dependency_links to ../../build/ms5837_bar_ros/ms5837_bar_ros.egg-info/dependency_links.txt
[1.248s] writing entry points to ../../build/ms5837_bar_ros/ms5837_bar_ros.egg-info/entry_points.txt
[1.249s] writing requirements to ../../build/ms5837_bar_ros/ms5837_bar_ros.egg-info/requires.txt
[1.249s] writing top-level names to ../../build/ms5837_bar_ros/ms5837_bar_ros.egg-info/top_level.txt
[1.249s] writing manifest file '../../build/ms5837_bar_ros/ms5837_bar_ros.egg-info/SOURCES.txt'
[1.273s] reading manifest file '../../build/ms5837_bar_ros/ms5837_bar_ros.egg-info/SOURCES.txt'
[1.273s] adding license file 'LICENSE'
[1.274s] writing manifest file '../../build/ms5837_bar_ros/ms5837_bar_ros.egg-info/SOURCES.txt'
[1.274s] running build
[1.274s] running build_py
[1.274s] creating /home/agata/Desktop/Things/GIT/BlueSpark/BlueSpark/PrototypeOne/ROS2/ros2_ws/build/ms5837_bar_ros/build
[1.274s] creating /home/agata/Desktop/Things/GIT/BlueSpark/BlueSpark/PrototypeOne/ROS2/ros2_ws/build/ms5837_bar_ros/build/lib
[1.274s] creating /home/agata/Desktop/Things/GIT/BlueSpark/BlueSpark/PrototypeOne/ROS2/ros2_ws/build/ms5837_bar_ros/build/lib/ms5837_bar_ros
[1.274s] copying ms5837_bar_ros/__init__.py -> /home/agata/Desktop/Things/GIT/BlueSpark/BlueSpark/PrototypeOne/ROS2/ros2_ws/build/ms5837_bar_ros/build/lib/ms5837_bar_ros
[1.274s] copying ms5837_bar_ros/bar02_component.py -> /home/agata/Desktop/Things/GIT/BlueSpark/BlueSpark/PrototypeOne/ROS2/ros2_ws/build/ms5837_bar_ros/build/lib/ms5837_bar_ros
[1.275s] copying ms5837_bar_ros/bar30_component.py -> /home/agata/Desktop/Things/GIT/BlueSpark/BlueSpark/PrototypeOne/ROS2/ros2_ws/build/ms5837_bar_ros/build/lib/ms5837_bar_ros
[1.275s] creating /home/agata/Desktop/Things/GIT/BlueSpark/BlueSpark/PrototypeOne/ROS2/ros2_ws/build/ms5837_bar_ros/build/lib/ms5837_bar_ros/ms5837
[1.275s] copying ms5837_bar_ros/ms5837/ms5837.py -> /home/agata/Desktop/Things/GIT/BlueSpark/BlueSpark/PrototypeOne/ROS2/ros2_ws/build/ms5837_bar_ros/build/lib/ms5837_bar_ros/ms5837
[1.275s] copying ms5837_bar_ros/ms5837/__init__.py -> /home/agata/Desktop/Things/GIT/BlueSpark/BlueSpark/PrototypeOne/ROS2/ros2_ws/build/ms5837_bar_ros/build/lib/ms5837_bar_ros/ms5837
[1.275s] running install
[1.279s] running install_lib
[1.292s] creating /home/agata/Desktop/Things/GIT/BlueSpark/BlueSpark/PrototypeOne/ROS2/ros2_ws/install/ms5837_bar_ros/lib/python3.12/site-packages/ms5837_bar_ros
[1.292s] creating /home/agata/Desktop/Things/GIT/BlueSpark/BlueSpark/PrototypeOne/ROS2/ros2_ws/install/ms5837_bar_ros/lib/python3.12/site-packages/ms5837_bar_ros/ms5837
[1.292s] copying /home/agata/Desktop/Things/GIT/BlueSpark/BlueSpark/PrototypeOne/ROS2/ros2_ws/build/ms5837_bar_ros/build/lib/ms5837_bar_ros/ms5837/ms5837.py -> /home/agata/Desktop/Things/GIT/BlueSpark/BlueSpark/PrototypeOne/ROS2/ros2_ws/install/ms5837_bar_ros/lib/python3.12/site-packages/ms5837_bar_ros/ms5837
[1.292s] copying /home/agata/Desktop/Things/GIT/BlueSpark/BlueSpark/PrototypeOne/ROS2/ros2_ws/build/ms5837_bar_ros/build/lib/ms5837_bar_ros/ms5837/__init__.py -> /home/agata/Desktop/Things/GIT/BlueSpark/BlueSpark/PrototypeOne/ROS2/ros2_ws/install/ms5837_bar_ros/lib/python3.12/site-packages/ms5837_bar_ros/ms5837
[1.292s] copying /home/agata/Desktop/Things/GIT/BlueSpark/BlueSpark/PrototypeOne/ROS2/ros2_ws/build/ms5837_bar_ros/build/lib/ms5837_bar_ros/__init__.py -> /home/agata/Desktop/Things/GIT/BlueSpark/BlueSpark/PrototypeOne/ROS2/ros2_ws/install/ms5837_bar_ros/lib/python3.12/site-packages/ms5837_bar_ros
[1.293s] copying /home/agata/Desktop/Things/GIT/BlueSpark/BlueSpark/PrototypeOne/ROS2/ros2_ws/build/ms5837_bar_ros/build/lib/ms5837_bar_ros/bar02_component.py -> /home/agata/Desktop/Things/GIT/BlueSpark/BlueSpark/PrototypeOne/ROS2/ros2_ws/install/ms5837_bar_ros/lib/python3.12/site-packages/ms5837_bar_ros
[1.293s] copying /home/agata/Desktop/Things/GIT/BlueSpark/BlueSpark/PrototypeOne/ROS2/ros2_ws/build/ms5837_bar_ros/build/lib/ms5837_bar_ros/bar30_component.py -> /home/agata/Desktop/Things/GIT/BlueSpark/BlueSpark/PrototypeOne/ROS2/ros2_ws/install/ms5837_bar_ros/lib/python3.12/site-packages/ms5837_bar_ros
[1.293s] byte-compiling /home/agata/Desktop/Things/GIT/BlueSpark/BlueSpark/PrototypeOne/ROS2/ros2_ws/install/ms5837_bar_ros/lib/python3.12/site-packages/ms5837_bar_ros/ms5837/ms5837.py to ms5837.cpython-312.pyc
[1.294s] byte-compiling /home/agata/Desktop/Things/GIT/BlueSpark/BlueSpark/PrototypeOne/ROS2/ros2_ws/install/ms5837_bar_ros/lib/python3.12/site-packages/ms5837_bar_ros/ms5837/__init__.py to __init__.cpython-312.pyc
[1.294s] byte-compiling /home/agata/Desktop/Things/GIT/BlueSpark/BlueSpark/PrototypeOne/ROS2/ros2_ws/install/ms5837_bar_ros/lib/python3.12/site-packages/ms5837_bar_ros/__init__.py to __init__.cpython-312.pyc
[1.294s] byte-compiling /home/agata/Desktop/Things/GIT/BlueSpark/BlueSpark/PrototypeOne/ROS2/ros2_ws/install/ms5837_bar_ros/lib/python3.12/site-packages/ms5837_bar_ros/bar02_component.py to bar02_component.cpython-312.pyc
[1.295s] byte-compiling /home/agata/Desktop/Things/GIT/BlueSpark/BlueSpark/PrototypeOne/ROS2/ros2_ws/install/ms5837_bar_ros/lib/python3.12/site-packages/ms5837_bar_ros/bar30_component.py to bar30_component.cpython-312.pyc
[1.296s] running install_data
[1.296s] creating /home/agata/Desktop/Things/GIT/BlueSpark/BlueSpark/PrototypeOne/ROS2/ros2_ws/install/ms5837_bar_ros/share/ament_index
[1.296s] creating /home/agata/Desktop/Things/GIT/BlueSpark/BlueSpark/PrototypeOne/ROS2/ros2_ws/install/ms5837_bar_ros/share/ament_index/resource_index
[1.296s] creating /home/agata/Desktop/Things/GIT/BlueSpark/BlueSpark/PrototypeOne/ROS2/ros2_ws/install/ms5837_bar_ros/share/ament_index/resource_index/packages
[1.296s] copying resource/ms5837_bar_ros -> /home/agata/Desktop/Things/GIT/BlueSpark/BlueSpark/PrototypeOne/ROS2/ros2_ws/install/ms5837_bar_ros/share/ament_index/resource_index/packages
[1.296s] copying package.xml -> /home/agata/Desktop/Things/GIT/BlueSpark/BlueSpark/PrototypeOne/ROS2/ros2_ws/install/ms5837_bar_ros/share/ms5837_bar_ros
[1.297s] creating /home/agata/Desktop/Things/GIT/BlueSpark/BlueSpark/PrototypeOne/ROS2/ros2_ws/install/ms5837_bar_ros/share/ms5837_bar_ros/launch
[1.297s] copying launch/bar02.launch.py -> /home/agata/Desktop/Things/GIT/BlueSpark/BlueSpark/PrototypeOne/ROS2/ros2_ws/install/ms5837_bar_ros/share/ms5837_bar_ros/launch/
[1.297s] copying launch/bar30.launch.py -> /home/agata/Desktop/Things/GIT/BlueSpark/BlueSpark/PrototypeOne/ROS2/ros2_ws/install/ms5837_bar_ros/share/ms5837_bar_ros/launch/
[1.297s] creating /home/agata/Desktop/Things/GIT/BlueSpark/BlueSpark/PrototypeOne/ROS2/ros2_ws/install/ms5837_bar_ros/share/ms5837_bar_ros/rviz
[1.297s] copying rviz/bar02.rviz -> /home/agata/Desktop/Things/GIT/BlueSpark/BlueSpark/PrototypeOne/ROS2/ros2_ws/install/ms5837_bar_ros/share/ms5837_bar_ros/rviz/
[1.297s] copying rviz/bar30.rviz -> /home/agata/Desktop/Things/GIT/BlueSpark/BlueSpark/PrototypeOne/ROS2/ros2_ws/install/ms5837_bar_ros/share/ms5837_bar_ros/rviz/
[1.297s] running install_egg_info
[1.314s] Copying ../../build/ms5837_bar_ros/ms5837_bar_ros.egg-info to /home/agata/Desktop/Things/GIT/BlueSpark/BlueSpark/PrototypeOne/ROS2/ros2_ws/install/ms5837_bar_ros/lib/python3.12/site-packages/ms5837_bar_ros-0.0.0-py3.12.egg-info
[1.314s] running install_scripts
[1.417s] Installing bar02_node script to /home/agata/Desktop/Things/GIT/BlueSpark/BlueSpark/PrototypeOne/ROS2/ros2_ws/install/ms5837_bar_ros/lib/ms5837_bar_ros
[1.417s] Installing bar30_node script to /home/agata/Desktop/Things/GIT/BlueSpark/BlueSpark/PrototypeOne/ROS2/ros2_ws/install/ms5837_bar_ros/lib/ms5837_bar_ros
[1.417s] writing list of installed files to '/home/agata/Desktop/Things/GIT/BlueSpark/BlueSpark/PrototypeOne/ROS2/ros2_ws/build/ms5837_bar_ros/install.log'
[1.453s] Invoked command in '/home/agata/Desktop/Things/GIT/BlueSpark/BlueSpark/PrototypeOne/ROS2/ros2_ws/src/barometer_ms5837_publlisher' returned '0': DEBUGINFOD_URLS=https://debuginfod.ubuntu.com PYTHONPATH=/home/agata/Desktop/Things/GIT/BlueSpark/BlueSpark/PrototypeOne/ROS2/ros2_ws/build/ms5837_bar_ros/prefix_override:/usr/lib/python3/dist-packages/colcon_core/task/python/colcon_distutils_commands:/home/agata/Desktop/Things/GIT/BlueSpark/BlueSpark/PrototypeOne/ROS2/ros2_ws/install/ms5837_bar_ros/lib/python3.12/site-packages:${PYTHONPATH} /usr/bin/python3 -W ignore:setup.py install is deprecated -W ignore:easy_install command is deprecated setup.py egg_info --egg-base ../../build/ms5837_bar_ros build --build-base /home/agata/Desktop/Things/GIT/BlueSpark/BlueSpark/PrototypeOne/ROS2/ros2_ws/build/ms5837_bar_ros/build install --record /home/agata/Desktop/Things/GIT/BlueSpark/BlueSpark/PrototypeOne/ROS2/ros2_ws/build/ms5837_bar_ros/install.log --single-version-externally-managed install_data
